<?xml version="1.0" encoding="UTF-8"?>
<!-- Generated by org.testng.reporters.JUnitReportReporter -->
<testsuite hostname="Haruns-MacBook-Pro.local" failures="0" tests="1" name="com.class01.TaskAnnotations" time="0.016" errors="0" timestamp="2020-01-11T13:33:40 CST" skipped="0">
  <testcase classname="com.class01.TaskAnnotations" name="Test" time="0.016"/>
</testsuite> <!-- com.class01.TaskAnnotations -->
