<?xml version="1.0" encoding="UTF-8"?>
<!-- Generated by org.testng.reporters.JUnitReportReporter -->
<testsuite hostname="Haruns-MBP.lan1" failures="0" tests="2" name="com.class03.AlwaysRun" time="0.006" errors="0" timestamp="2020-01-14T22:37:18 CST" skipped="0">
  <testcase classname="com.class03.AlwaysRun" name="testMethod" time="0.003"/>
  <testcase classname="com.class03.AlwaysRun" name="testMethod1" time="0.003"/>
</testsuite> <!-- com.class03.AlwaysRun -->
