<?xml version="1.0" encoding="UTF-8"?>
<!-- Generated by org.testng.reporters.JUnitReportReporter -->
<testsuite hostname="Haruns-MacBook-Pro.local" failures="0" tests="3" name="com.class01.TestNGDemo" time="0.025" errors="0" timestamp="2020-01-11T12:59:35 CST" skipped="0">
  <testcase classname="com.class01.TestNGDemo" name="testTwo" time="0.002"/>
  <testcase classname="com.class01.TestNGDemo" name="testOne" time="0.021"/>
  <testcase classname="com.class01.TestNGDemo" name="testThree" time="0.002"/>
</testsuite> <!-- com.class01.TestNGDemo -->
