<?xml version="1.0" encoding="UTF-8"?>
<!-- Generated by org.testng.reporters.JUnitReportReporter -->
<testsuite hostname="Haruns-MacBook-Pro.local" failures="0" tests="3" name="com.class01.Task" time="0.061" errors="0" timestamp="2020-01-11T13:07:32 CST" skipped="0">
  <testcase classname="com.class01.Task" name="mySecondTest" time="0.010"/>
  <testcase classname="com.class01.Task" name="myFirstTest" time="0.046"/>
  <testcase classname="com.class01.Task" name="myLastTest" time="0.005"/>
</testsuite> <!-- com.class01.Task -->
