<?xml version="1.0" encoding="UTF-8"?>
<!-- Generated by org.testng.reporters.JUnitReportReporter -->
<testsuite hostname="Haruns-MBP.lan1" failures="0" tests="3" name="com.class01.TitleLogoAndLoginVerification" time="10.442" errors="0" timestamp="2020-01-14T22:37:18 CST" skipped="0">
  <testcase classname="com.class01.TitleLogoAndLoginVerification" name="titleValidation" time="2.778"/>
  <testcase classname="com.class01.TitleLogoAndLoginVerification" name="logoValidation" time="3.022"/>
  <testcase classname="com.class01.TitleLogoAndLoginVerification" name="validLogin" time="4.642"/>
</testsuite> <!-- com.class01.TitleLogoAndLoginVerification -->
