<?xml version="1.0" encoding="UTF-8"?>
<!-- Generated by org.testng.reporters.JUnitReportReporter -->
<testsuite hostname="Haruns-MBP.lan1" failures="0" tests="3" name="com.class01.TitleLogoAndLoginVerification" time="97.062" errors="0" timestamp="2020-01-11T22:26:36 CST" skipped="0">
  <testcase classname="com.class01.TitleLogoAndLoginVerification" name="validLogin" time="8.704"/>
  <testcase classname="com.class01.TitleLogoAndLoginVerification" name="logoValidation" time="77.715"/>
  <testcase classname="com.class01.TitleLogoAndLoginVerification" name="titleValidation" time="10.643"/>
</testsuite> <!-- com.class01.TitleLogoAndLoginVerification -->
