<?xml version="1.0" encoding="UTF-8"?>
<!-- Generated by org.testng.reporters.JUnitReportReporter -->
<testsuite hostname="Haruns-MBP.lan1" failures="0" tests="3" name="com.class01.TestNGDemo" time="0.003" errors="0" timestamp="2020-01-14T22:37:18 CST" skipped="0">
  <testcase classname="com.class01.TestNGDemo" name="testOne" time="0.001"/>
  <testcase classname="com.class01.TestNGDemo" name="testTwo" time="0.001"/>
  <testcase classname="com.class01.TestNGDemo" name="testThree" time="0.001"/>
</testsuite> <!-- com.class01.TestNGDemo -->
