<?xml version="1.0" encoding="UTF-8"?>
<!-- Generated by org.testng.reporters.JUnitReportReporter -->
<testsuite hostname="Haruns-MacBook-Pro.local" failures="0" tests="2" name="com.class01.HW1" time="5.037" errors="0" timestamp="2020-01-15T19:32:15 CST" skipped="1">
  <testcase classname="com.class01.HW1" name="logoValidation" time="5.037"/>
  <testcase classname="com.class01.HW1" name="validLogin">
    <skipped/>
  </testcase> <!-- validLogin -->
</testsuite> <!-- com.class01.HW1 -->
