<?xml version="1.0" encoding="UTF-8"?>
<!-- Generated by org.testng.reporters.JUnitReportReporter -->
<testsuite hostname="Haruns-MBP.lan1" failures="0" tests="2" name="com.class03.Groups" time="7.411" errors="0" timestamp="2020-01-14T22:37:18 CST" skipped="0">
  <testcase classname="com.class03.Groups" name="validLogin" time="4.796"/>
  <testcase classname="com.class03.Groups" name="titleValidation" time="2.615"/>
</testsuite> <!-- com.class03.Groups -->
