<?xml version="1.0" encoding="UTF-8"?>
<!-- Generated by org.testng.reporters.JUnitReportReporter -->
<testsuite hostname="Haruns-MBP.lan1" failures="0" tests="1" name="com.class01.DifferentAnnotations" time="0.003" errors="0" timestamp="2020-01-14T22:37:17 CST" skipped="0">
  <testcase classname="com.class01.DifferentAnnotations" name="test" time="0.003"/>
</testsuite> <!-- com.class01.DifferentAnnotations -->
